<?xml version="1.0" encoding="UTF-8"?>
<testng-results ignored="0" total="1" passed="1" failed="0" skipped="0">
  <reporter-output>
  </reporter-output>
  <suite started-at="2022-02-20T17:32:34 IST" name="Default suite" finished-at="2022-02-20T17:32:39 IST" duration-ms="5348">
    <groups>
    </groups>
    <test started-at="2022-02-20T17:32:34 IST" name="Default test" finished-at="2022-02-20T17:32:39 IST" duration-ms="5348">
      <class name="com.pb.selenium.base.AppTest">
        <test-method is-config="true" signature="bt()[pri:0, instance:com.pb.selenium.base.AppTest@79b06cab]" started-at="2022-02-20T17:32:34 IST" name="bt" finished-at="2022-02-20T17:32:39 IST" duration-ms="4619" status="PASS">
          <reporter-output>
          </reporter-output>
        </test-method> <!-- bt -->
        <test-method signature="shouldAnswerWithTrue()[pri:0, instance:com.pb.selenium.base.AppTest@79b06cab]" started-at="2022-02-20T17:32:39 IST" name="shouldAnswerWithTrue" finished-at="2022-02-20T17:32:39 IST" duration-ms="521" status="PASS">
          <reporter-output>
          </reporter-output>
        </test-method> <!-- shouldAnswerWithTrue -->
      </class> <!-- com.pb.selenium.base.AppTest -->
    </test> <!-- Default test -->
  </suite> <!-- Default suite -->
</testng-results>
